<?xml version="1.0" encoding="utf-8"?><testsuite errors="0" failures="1" name="pytest" skips="0" tests="8" time="1.131"><testcase classname="devops.tests.unit.test_github_status_posting.TestCoolStuff" file="devops/tests/unit/test_github_status_posting.py" line="68" name="test_entry_point" time="0.0026073455810546875"></testcase><testcase classname="devops.tests.unit.test_github_status_posting.TestCoolStuff" file="devops/tests/unit/test_github_status_posting.py" line="71" name="test_execute" time="0.0023970603942871094"></testcase><testcase classname="devops.tests.unit.test_github_status_posting.TestCoolStuff" file="devops/tests/unit/test_github_status_posting.py" line="74" name="test_parse_url_from_arn" time="0.006375789642333984"><system-err>Parsing URL from ARN.
</system-err></testcase><testcase classname="devops.tests.unit.test_github_status_posting.TestCoolStuff" file="devops/tests/unit/test_github_status_posting.py" line="82" name="test_create_test_parameters_dict" time="0.004934787750244141"><system-err>Creating test parameters dict: pylint.
</system-err></testcase><testcase classname="devops.tests.unit.test_github_status_posting.TestCoolStuff" file="devops/tests/unit/test_github_status_posting.py" line="87" name="test_update_dynamo_payload" time="0.00630497932434082"><system-err>Updating DynamoDB payload: pylint.
</system-err></testcase><testcase classname="devops.tests.unit.test_github_status_posting.TestCoolStuff" file="devops/tests/unit/test_github_status_posting.py" line="90" name="test_maintain_state_in_dynamo" time="0.003745555877685547"></testcase><testcase classname="devops.tests.unit.test_github_status_posting.TestCoolStuff" file="devops/tests/unit/test_github_status_posting.py" line="93" name="test_create_github_payloads" time="0.005487203598022461"><system-err>Creating GitHub payloads.
Getting change from previous build: pylint.
</system-err></testcase><testcase classname="devops.tests.unit.test_github_status_posting.TestCoolStuff" file="devops/tests/unit/test_github_status_posting.py" line="98" name="test_get_change_from_previous" time="0.006181001663208008"><system-err>Getting change from previous build: pylint.
</system-err></testcase><testcase classname="devops.tests.unit.test_github_status_posting.TestCoolStuff" file="devops/tests/unit/test_github_status_posting.py" line="102" name="test_parse_pytest" time="0.005203962326049805"><failure message="AttributeError: &apos;NoneType&apos; object has no attribute &apos;group&apos;">self = &lt;test_github_status_posting.TestCoolStuff object at 0x10a237e80&gt;

devops/github_status_posting.py:158: AttributeError</failure><system-err>Parsing PyTest.
</system-err></testcase></testsuite>